\BOOKMARK [0][-]{chapter.1}{\376\377\000I\000n\000t\000r\000o\000d\000u\000c\000t\000i\000o\000n}{}% 1
\BOOKMARK [1][-]{section.1.1}{\376\377\000W\000h\000a\000t\000\040\000i\000s\000\040\000T\000H\000R\000U\000X\000?}{chapter.1}% 2
\BOOKMARK [1][-]{section.1.2}{\376\377\000N\000e\000w\000\040\000U\000s\000e\000r\000?}{chapter.1}% 3
\BOOKMARK [1][-]{section.1.3}{\376\377\000S\000e\000t\000t\000i\000n\000g\000\040\000U\000p\000\040\000Y\000o\000u\000r\000\040\000A\000c\000c\000o\000u\000n\000t\000,\000\040\000I\000n\000s\000t\000a\000l\000l\000a\000t\000i\000o\000n\000,\000\040\000a\000n\000d\000\040\000R\000e\000c\000e\000i\000v\000i\000n\000g\000\040\000U\000p\000d\000a\000t\000e\000s}{chapter.1}% 4
\BOOKMARK [1][-]{section.1.4}{\376\377\000A\000c\000c\000o\000u\000n\000t\000s\000,\000\040\000P\000r\000o\000j\000e\000c\000t\000s\000,\000\040\000B\000r\000a\000n\000c\000h\000e\000s\000,\000\040\000a\000n\000d\000\040\000S\000u\000b\000c\000r\000i\000p\000t\000i\000o\000n\000s}{chapter.1}% 5
\BOOKMARK [2][-]{subsection.1.4.1}{\376\377\000T\000H\000R\000U\000X\000\040\000B\000a\000s\000i\000c}{section.1.4}% 6
\BOOKMARK [2][-]{subsection.1.4.2}{\376\377\000T\000H\000R\000U\000X\000\040\000P\000r\000o\000f\000e\000s\000s\000i\000o\000n\000a\000l}{section.1.4}% 7
\BOOKMARK [2][-]{subsection.1.4.3}{\376\377\000T\000H\000R\000U\000X\000\040\000T\000e\000a\000m}{section.1.4}% 8
\BOOKMARK [1][-]{section.1.5}{\376\377\000S\000t\000o\000r\000a\000g\000e\000\040\000a\000n\000d\000\040\000R\000e\000c\000o\000v\000e\000r\000y\000\040\000O\000p\000t\000i\000o\000n\000s}{chapter.1}% 9
\BOOKMARK [1][-]{section.1.6}{\376\377\000C\000o\000n\000t\000a\000c\000t\000\040\000U\000s\000/\000S\000u\000p\000p\000o\000r\000t}{chapter.1}% 10
\BOOKMARK [0][-]{chapter.2}{\376\377\000P\000r\000o\000d\000u\000c\000t\000\040\000O\000v\000e\000r\000v\000i\000e\000w}{}% 11
\BOOKMARK [1][-]{section.2.1}{\376\377\000C\000o\000d\000e\000-\000C\000o\000m\000p\000l\000i\000a\000n\000t\000\040\000D\000e\000s\000i\000g\000n}{chapter.2}% 12
\BOOKMARK [2][-]{subsection.2.1.1}{\376\377\000F\000l\000a\000g\000\040\000T\000r\000a\000c\000k\000e\000r}{section.2.1}% 13
\BOOKMARK [2][-]{subsection.2.1.2}{\376\377\000S\000t\000u\000d\000i\000e\000s}{section.2.1}% 14
\BOOKMARK [1][-]{section.2.2}{\376\377\000R\000e\000v\000i\000t\000\040\000I\000n\000t\000e\000r\000o\000p\000e\000r\000a\000b\000i\000l\000i\000t\000y}{chapter.2}% 15
\BOOKMARK [1][-]{section.2.3}{\376\377\000P\000r\000i\000c\000i\000n\000g}{chapter.2}% 16
\BOOKMARK [2][-]{subsection.2.3.1}{\376\377\000P\000r\000i\000c\000i\000n\000g\000\040\000R\000e\000p\000o\000r\000t}{section.2.3}% 17
\BOOKMARK [2][-]{subsection.2.3.2}{\376\377\000P\000r\000i\000c\000e\000\040\000M\000o\000n\000i\000t\000o\000r\000i\000n\000g}{section.2.3}% 18
\BOOKMARK [1][-]{section.2.4}{\376\377\000B\000r\000a\000n\000c\000h\000i\000n\000g}{chapter.2}% 19
\BOOKMARK [0][-]{chapter.3}{\376\377\000T\000u\000t\000o\000r\000i\000a\000l\000\040\000P\000r\000o\000j\000e\000c\000t}{}% 20
\BOOKMARK [1][-]{section.3.1}{\376\377\000C\000r\000e\000a\000t\000i\000n\000g\000\040\000a\000\040\000N\000e\000w\000\040\000P\000r\000o\000j\000e\000c\000t}{chapter.3}% 21
\BOOKMARK [2][-]{subsection.3.1.1}{\376\377\000F\000i\000r\000s\000t\000\040\000S\000t\000e\000p\000s}{section.3.1}% 22
\BOOKMARK [3][-]{subsubsection.3.1.1.1}{\376\377\000R\000o\000a\000d\000m\000a\000p}{subsection.3.1.1}% 23
\BOOKMARK [1][-]{section.3.2}{\376\377\000C\000r\000e\000a\000t\000i\000n\000g\000\040\000t\000h\000e\000\040\000A\000r\000c\000h\000i\000t\000e\000c\000t\000u\000r\000a\000l\000\040\000M\000o\000d\000e\000l}{chapter.3}% 24
\BOOKMARK [2][-]{subsection.3.2.1}{\376\377\000C\000r\000e\000a\000t\000i\000n\000g\000\040\000C\000o\000l\000u\000m\000n\000s\000\040\000a\000n\000d\000\040\000F\000l\000o\000o\000r\000s}{section.3.2}% 25
\BOOKMARK [2][-]{subsection.3.2.2}{\376\377\000C\000r\000e\000a\000t\000i\000n\000g\000\040\000R\000o\000o\000m\000s}{section.3.2}% 26
\BOOKMARK [2][-]{subsection.3.2.3}{\376\377\000C\000r\000e\000a\000t\000i\000n\000g\000\040\000S\000t\000a\000c\000k\000e\000d\000\040\000R\000o\000o\000m\000s\000\040\000o\000r\000\040\000a\000\040\000R\000i\000s\000e\000r}{section.3.2}% 27
\BOOKMARK [1][-]{section.3.3}{\376\377\000M\000o\000d\000e\000l\000i\000n\000g\000\040\000t\000h\000e\000\040\000E\000l\000e\000c\000t\000r\000i\000c\000a\000l\000\040\000S\000y\000s\000t\000e\000m}{chapter.3}% 28
\BOOKMARK [2][-]{subsection.3.3.1}{\376\377\000R\000i\000s\000e\000r}{section.3.3}% 29
\BOOKMARK [3][-]{subsubsection.3.3.1.1}{\376\377\000P\000l\000a\000c\000i\000n\000g\000\040\000R\000o\000o\000m\000s}{subsection.3.3.1}% 30
\BOOKMARK [3][-]{subsubsection.3.3.1.2}{\376\377\000C\000r\000e\000a\000t\000i\000n\000g\000\040\000a\000\040\000S\000o\000u\000r\000c\000e}{subsection.3.3.1}% 31
\BOOKMARK [3][-]{subsubsection.3.3.1.3}{\376\377\000C\000r\000e\000a\000t\000i\000n\000g\000\040\000C\000o\000n\000n\000e\000c\000t\000i\000o\000n\000s}{subsection.3.3.1}% 32
\BOOKMARK [3][-]{subsubsection.3.3.1.4}{\376\377\000C\000o\000p\000y\000i\000n\000g\000\040\000a\000n\000d\000\040\000P\000a\000s\000t\000i\000n\000g\000\040\000E\000q\000u\000i\000p\000m\000e\000n\000t}{subsection.3.3.1}% 33
\BOOKMARK [3][-]{subsubsection.3.3.1.5}{\376\377\000M\000o\000v\000i\000n\000g\000\040\000E\000q\000u\000i\000p\000m\000e\000n\000t\000,\000\040\000F\000l\000o\000o\000r\000s\000,\000\040\000o\000r\000\040\000R\000o\000o\000m\000s}{subsection.3.3.1}% 34
\BOOKMARK [3][-]{subsubsection.3.3.1.6}{\376\377\000C\000r\000e\000a\000t\000i\000n\000g\000\040\000T\000r\000a\000n\000s\000f\000e\000r\000\040\000S\000w\000i\000t\000c\000h\000e\000s}{subsection.3.3.1}% 35
\BOOKMARK [2][-]{subsection.3.3.2}{\376\377\000O\000n\000e\000-\000L\000i\000n\000e}{section.3.3}% 36
\BOOKMARK [2][-]{subsection.3.3.3}{\376\377\000S\000c\000h\000e\000d\000u\000l\000e\000s}{section.3.3}% 37
\BOOKMARK [1][-]{section.3.4}{\376\377\000E\000x\000p\000o\000r\000t\000i\000n\000g\000,\000\040\000S\000t\000u\000d\000i\000e\000s\000,\000\040\000a\000n\000d\000\040\000R\000e\000p\000o\000r\000t\000i\000n\000g}{chapter.3}% 38
\BOOKMARK [2][-]{subsection.3.4.1}{\376\377\000E\000x\000p\000o\000r\000t\000i\000n\000g\000\040\000t\000o\000\040\000A\000u\000t\000o\000C\000A\000D}{section.3.4}% 39
\BOOKMARK [2][-]{subsection.3.4.2}{\376\377\000S\000t\000u\000d\000i\000e\000s\000\040\000a\000n\000d\000\040\000R\000e\000p\000o\000r\000t\000i\000n\000g}{section.3.4}% 40
\BOOKMARK [0][-]{chapter.4}{\376\377\000U\000s\000e\000r\000\040\000G\000u\000i\000d\000e\000\040\000-\000\040\000G\000e\000t\000t\000i\000n\000g\000\040\000S\000t\000a\000r\000t\000e\000d}{}% 41
\BOOKMARK [1][-]{section.4.1}{\376\377\000S\000i\000g\000n\000i\000n\000g\000\040\000I\000n}{chapter.4}% 42
\BOOKMARK [1][-]{section.4.2}{\376\377\000N\000a\000v\000i\000g\000a\000t\000i\000n\000g\000\040\000T\000H\000R\000U\000X}{chapter.4}% 43
\BOOKMARK [2][-]{subsection.4.2.1}{\376\377\000W\000o\000r\000k\000s\000p\000a\000c\000e\000\040\000T\000o\000o\000l\000b\000a\000r}{section.4.2}% 44
\BOOKMARK [2][-]{subsection.4.2.2}{\376\377\000E\000x\000p\000l\000o\000r\000e\000r\000\040\000T\000o\000o\000l\000b\000a\000r}{section.4.2}% 45
\BOOKMARK [2][-]{subsection.4.2.3}{\376\377\000N\000a\000v\000i\000g\000a\000t\000i\000o\000n\000\040\000B\000a\000r}{section.4.2}% 46
\BOOKMARK [2][-]{subsection.4.2.4}{\376\377\000A\000d\000d\000i\000t\000i\000o\000n\000a\000l\000\040\000C\000o\000m\000m\000a\000n\000d\000s}{section.4.2}% 47
\BOOKMARK [1][-]{section.4.3}{\376\377\000C\000r\000e\000a\000t\000i\000n\000g\000\040\000a\000\040\000N\000e\000w\000\040\000P\000r\000o\000j\000e\000c\000t}{chapter.4}% 48
\BOOKMARK [2][-]{subsection.4.3.1}{\376\377\000O\000p\000e\000n\000i\000n\000g\000\040\000a\000n\000\040\000E\000x\000i\000s\000t\000i\000n\000g\000\040\000P\000r\000o\000j\000e\000c\000t}{section.4.3}% 49
\BOOKMARK [2][-]{subsection.4.3.2}{\376\377\000P\000r\000o\000j\000e\000c\000t\000\040\000S\000e\000t\000t\000i\000n\000g\000s}{section.4.3}% 50
\BOOKMARK [3][-]{subsubsection.4.3.2.1}{\376\377\000D\000e\000f\000a\000u\000l\000t\000\040\000M\000o\000d\000e\000l\000\040\000P\000a\000r\000a\000m\000e\000t\000e\000r\000s}{subsection.4.3.2}% 51
\BOOKMARK [3][-]{subsubsection.4.3.2.2}{\376\377\000C\000a\000l\000c\000u\000l\000a\000t\000i\000o\000n\000\040\000S\000e\000t\000t\000i\000n\000g\000s}{subsection.4.3.2}% 52
\BOOKMARK [3][-]{subsubsection.4.3.2.3}{\376\377\000A\000u\000t\000o\000-\000S\000i\000z\000i\000n\000g\000\040\000F\000i\000l\000t\000e\000r\000s}{subsection.4.3.2}% 53
\BOOKMARK [3][-]{subsubsection.4.3.2.4}{\376\377\000F\000l\000a\000g\000\040\000S\000e\000t\000t\000i\000n\000g\000s}{subsection.4.3.2}% 54
\BOOKMARK [3][-]{subsubsection.4.3.2.5}{\376\377\000C\000u\000s\000t\000o\000m\000\040\000D\000e\000s\000i\000g\000n\000\040\000A\000s\000s\000i\000s\000t\000a\000n\000c\000e\000\040\000S\000e\000t\000t\000i\000n\000g\000s}{subsection.4.3.2}% 55
\BOOKMARK [3][-]{subsubsection.4.3.2.6}{\376\377\000L\000a\000b\000o\000r\000\040\000R\000a\000t\000e\000s}{subsection.4.3.2}% 56
\BOOKMARK [2][-]{subsection.4.3.3}{\376\377\000R\000o\000a\000d\000m\000a\000p}{section.4.3}% 57
\BOOKMARK [1][-]{section.4.4}{\376\377\000D\000e\000f\000i\000n\000i\000n\000g\000\040\000A\000r\000c\000h\000i\000t\000e\000c\000t\000u\000r\000a\000l\000\040\000E\000l\000e\000m\000e\000n\000t\000s}{chapter.4}% 58
\BOOKMARK [2][-]{subsection.4.4.1}{\376\377\000O\000v\000e\000r\000v\000i\000e\000w}{section.4.4}% 59
\BOOKMARK [3][-]{subsubsection.4.4.1.1}{\376\377\000E\000q\000u\000i\000p\000m\000e\000n\000t\000\040\000D\000i\000s\000t\000a\000n\000c\000e\000s}{subsection.4.4.1}% 60
\BOOKMARK [4][-]{paragraph.4.4.1.1.1}{\376\377\000C\000a\000l\000c\000u\000l\000a\000t\000e\000d\000\040\000L\000e\000n\000g\000t\000h}{subsubsection.4.4.1.1}% 61
\BOOKMARK [4][-]{paragraph.4.4.1.1.2}{\376\377\000M\000a\000n\000u\000a\000l\000\040\000A\000d\000d\000e\000d\000\040\000L\000e\000n\000g\000t\000h}{subsubsection.4.4.1.1}% 62
\BOOKMARK [4][-]{paragraph.4.4.1.1.3}{\376\377\000N\000e\000t\000\040\000L\000e\000n\000g\000t\000h}{subsubsection.4.4.1.1}% 63
\BOOKMARK [3][-]{subsubsection.4.4.1.2}{\376\377\000L\000o\000a\000d\000i\000n\000g\000\040\000S\000y\000s\000t\000e\000m}{subsection.4.4.1}% 64
\BOOKMARK [2][-]{subsection.4.4.2}{\376\377\000F\000l\000o\000o\000r\000\040\000P\000l\000a\000n\000s}{section.4.4}% 65
\BOOKMARK [3][-]{subsubsection.4.4.2.1}{\376\377\000A\000d\000d\000i\000t\000i\000o\000n\000a\000l\000\040\000C\000o\000m\000m\000a\000n\000d\000s}{subsection.4.4.2}% 66
\BOOKMARK [3][-]{subsubsection.4.4.2.2}{\376\377\000S\000e\000t\000u\000p\000\040\000W\000i\000z\000a\000r\000d}{subsection.4.4.2}% 67
\BOOKMARK [3][-]{subsubsection.4.4.2.3}{\376\377\000G\000r\000i\000d\000\040\000E\000d\000i\000t\000o\000r}{subsection.4.4.2}% 68
\BOOKMARK [3][-]{subsubsection.4.4.2.4}{\376\377\000C\000r\000e\000a\000t\000i\000o\000n\000\040\000M\000o\000d\000e}{subsection.4.4.2}% 69
\BOOKMARK [3][-]{subsubsection.4.4.2.5}{\376\377\000M\000o\000v\000e\000\040\000E\000q\000u\000i\000p\000m\000e\000n\000t}{subsection.4.4.2}% 70
\BOOKMARK [2][-]{subsection.4.4.3}{\376\377\000A\000r\000c\000h\000i\000t\000e\000c\000t\000u\000r\000a\000l\000\040\000E\000l\000e\000m\000e\000n\000t\000s}{section.4.4}% 71
\BOOKMARK [3][-]{subsubsection.4.4.3.1}{\376\377\000A\000d\000d\000i\000t\000i\000o\000n\000a\000l\000\040\000C\000o\000m\000m\000a\000n\000d\000s}{subsection.4.4.3}% 72
\BOOKMARK [4][-]{paragraph.4.4.3.1.1}{\376\377\000A\000r\000c\000h\000i\000t\000e\000c\000t\000u\000r\000a\000l\000\040\000P\000a\000c\000k\000a\000g\000e}{subsubsection.4.4.3.1}% 73
\BOOKMARK [4][-]{paragraph.4.4.3.1.2}{\376\377\000L\000o\000a\000d\000\040\000A\000l\000l\000o\000c\000a\000t\000i\000o\000n}{subsubsection.4.4.3.1}% 74
\BOOKMARK [4][-]{paragraph.4.4.3.1.3}{\376\377\000D\000i\000v\000e\000r\000s\000i\000f\000i\000c\000a\000t\000i\000o\000n}{subsubsection.4.4.3.1}% 75
\BOOKMARK [3][-]{subsubsection.4.4.3.2}{\376\377\000M\000o\000d\000e\000l\000i\000n\000g\000\040\000R\000e\000s\000i\000d\000e\000n\000t\000i\000a\000l\000\040\000L\000o\000a\000d\000s}{subsection.4.4.3}% 76
\BOOKMARK [4][-]{paragraph.4.4.3.2.1}{\376\377\000A\000p\000p\000l\000i\000a\000n\000c\000e\000s}{subsubsection.4.4.3.2}% 77
\BOOKMARK [4][-]{paragraph.4.4.3.2.2}{\376\377\000U\000n\000i\000t\000\040\000T\000y\000p\000e}{subsubsection.4.4.3.2}% 78
\BOOKMARK [4][-]{paragraph.4.4.3.2.3}{\376\377\000A\000p\000a\000r\000t\000m\000e\000n\000t}{subsubsection.4.4.3.2}% 79
\BOOKMARK [4][-]{paragraph.4.4.3.2.4}{\376\377\000A\000p\000a\000r\000t\000m\000e\000n\000t\000\040\000P\000a\000c\000k\000a\000g\000e}{subsubsection.4.4.3.2}% 80
\BOOKMARK [3][-]{subsubsection.4.4.3.3}{\376\377\000M\000e\000c\000h\000a\000n\000i\000c\000a\000l\000\040\000E\000n\000t\000i\000t\000i\000e\000s}{subsection.4.4.3}% 81
\BOOKMARK [1][-]{section.4.5}{\376\377\000B\000u\000i\000l\000d\000i\000n\000g\000\040\000t\000h\000e\000\040\000E\000l\000e\000c\000t\000r\000i\000c\000a\000l\000\040\000M\000o\000d\000e\000l}{chapter.4}% 82
\BOOKMARK [2][-]{subsection.4.5.1}{\376\377\000O\000v\000e\000r\000v\000i\000e\000w}{section.4.5}% 83
\BOOKMARK [3][-]{subsubsection.4.5.1.1}{\376\377\000H\000o\000s\000t\000e\000d\000\040\000v\000s\000.\000\040\000U\000n\000h\000o\000s\000t\000e\000d\000\040\000S\000y\000s\000t\000e\000m\000s}{subsection.4.5.1}% 84
\BOOKMARK [2][-]{subsection.4.5.2}{\376\377\000R\000i\000s\000e\000r}{section.4.5}% 85
\BOOKMARK [3][-]{subsubsection.4.5.2.1}{\376\377\000N\000a\000v\000i\000g\000a\000t\000i\000o\000n\000\040\000O\000v\000e\000r\000v\000i\000e\000w}{subsection.4.5.2}% 86
\BOOKMARK [4][-]{paragraph.4.5.2.1.1}{\376\377\000F\000l\000o\000o\000r\000\040\000N\000a\000v\000i\000g\000a\000t\000o\000r}{subsubsection.4.5.2.1}% 87
\BOOKMARK [5][-]{subparagraph.4.5.2.1.1.1}{\376\377\000F\000l\000o\000o\000r\000\040\000E\000l\000e\000v\000a\000t\000i\000o\000n\000s}{paragraph.4.5.2.1.1}% 88
\BOOKMARK [4][-]{paragraph.4.5.2.1.2}{\376\377\000R\000i\000s\000e\000r\000\040\000T\000o\000o\000l\000b\000o\000x}{subsubsection.4.5.2.1}% 89
\BOOKMARK [5][-]{subparagraph.4.5.2.1.2.1}{\376\377\000H\000i\000d\000d\000e\000n\000\040\000E\000l\000e\000m\000e\000n\000t\000s}{paragraph.4.5.2.1.2}% 90
\BOOKMARK [3][-]{subsubsection.4.5.2.2}{\376\377\000A\000d\000d\000\040\000A\000r\000c\000h\000i\000t\000e\000c\000t\000u\000r\000a\000l\000\040\000E\000l\000e\000m\000e\000n\000t\000s}{subsection.4.5.2}% 91
\BOOKMARK [3][-]{subsubsection.4.5.2.3}{\376\377\000A\000d\000d\000\040\000E\000l\000e\000c\000t\000r\000i\000c\000a\000l\000\040\000E\000q\000u\000i\000p\000m\000e\000n\000t}{subsection.4.5.2}% 92
\BOOKMARK [3][-]{subsubsection.4.5.2.4}{\376\377\000C\000o\000n\000n\000e\000c\000t\000i\000n\000g\000\040\000E\000q\000u\000i\000p\000m\000e\000n\000t}{subsection.4.5.2}% 93
\BOOKMARK [4][-]{paragraph.4.5.2.4.1}{\376\377\000R\000e\000s\000e\000t\000t\000i\000n\000g\000\040\000C\000o\000n\000n\000e\000c\000t\000i\000o\000n\000s}{subsubsection.4.5.2.4}% 94
\BOOKMARK [3][-]{subsubsection.4.5.2.5}{\376\377\000C\000o\000p\000y\000i\000n\000g\000\040\000E\000q\000u\000i\000p\000m\000e\000n\000t}{subsection.4.5.2}% 95
\BOOKMARK [3][-]{subsubsection.4.5.2.6}{\376\377\000M\000o\000v\000i\000n\000g\000\040\000E\000q\000u\000i\000p\000m\000e\000n\000t}{subsection.4.5.2}% 96
\BOOKMARK [3][-]{subsubsection.4.5.2.7}{\376\377\000R\000e\000s\000i\000z\000i\000n\000g\000\040\000E\000q\000u\000i\000p\000m\000e\000n\000t}{subsection.4.5.2}% 97
\BOOKMARK [3][-]{subsubsection.4.5.2.8}{\376\377\000N\000a\000v\000i\000g\000a\000t\000e}{subsection.4.5.2}% 98
\BOOKMARK [3][-]{subsubsection.4.5.2.9}{\376\377\000C\000o\000n\000v\000e\000r\000t\000i\000n\000g\000\040\000t\000o\000\040\000B\000u\000s\000\040\000D\000u\000c\000t}{subsection.4.5.2}% 99
\BOOKMARK [2][-]{subsection.4.5.3}{\376\377\000O\000n\000e\000-\000L\000i\000n\000e}{section.4.5}% 100
\BOOKMARK [3][-]{subsubsection.4.5.3.1}{\376\377\000A\000d\000d\000\040\000a\000\040\000S\000o\000u\000r\000c\000e}{subsection.4.5.3}% 101
\BOOKMARK [4][-]{paragraph.4.5.3.1.1}{\376\377\000S\000h\000o\000r\000t\000\040\000C\000i\000r\000c\000u\000i\000t\000\040\000C\000u\000r\000r\000e\000n\000t}{subsubsection.4.5.3.1}% 102
\BOOKMARK [3][-]{subsubsection.4.5.3.2}{\376\377\000A\000d\000d\000\040\000E\000q\000u\000i\000p\000m\000e\000n\000t}{subsection.4.5.3}% 103
\BOOKMARK [3][-]{subsubsection.4.5.3.3}{\376\377\000C\000o\000p\000y\000/\000P\000a\000s\000t\000e\000\040\000E\000q\000u\000i\000p\000m\000e\000n\000t}{subsection.4.5.3}% 104
\BOOKMARK [3][-]{subsubsection.4.5.3.4}{\376\377\000D\000e\000l\000e\000t\000e\000\040\000E\000q\000u\000i\000p\000m\000e\000n\000t\000/\000D\000e\000l\000e\000t\000e\000\040\000N\000e\000t\000w\000o\000r\000k}{subsection.4.5.3}% 105
\BOOKMARK [3][-]{subsubsection.4.5.3.5}{\376\377\000D\000r\000a\000g\000g\000i\000n\000g\000/\000R\000e\000h\000o\000s\000t\000i\000n\000g\000\040\000E\000q\000u\000i\000p\000m\000e\000n\000t}{subsection.4.5.3}% 106
\BOOKMARK [3][-]{subsubsection.4.5.3.6}{\376\377\000N\000a\000v\000i\000g\000a\000t\000e}{subsection.4.5.3}% 107
\BOOKMARK [3][-]{subsubsection.4.5.3.7}{\376\377\000E\000x\000p\000a\000n\000d\000i\000n\000g\000/\000C\000o\000l\000l\000a\000p\000s\000i\000n\000g\000\040\000E\000q\000u\000i\000p\000m\000e\000n\000t}{subsection.4.5.3}% 108
\BOOKMARK [3][-]{subsubsection.4.5.3.8}{\376\377\000C\000h\000a\000n\000g\000i\000n\000g\000\040\000M\000u\000l\000t\000i\000p\000l\000e\000\040\000E\000q\000u\000i\000p\000m\000e\000n\000t\000\040\000P\000r\000o\000p\000e\000r\000t\000i\000e\000s}{subsection.4.5.3}% 109
\BOOKMARK [3][-]{subsubsection.4.5.3.9}{\376\377\000R\000e\000s\000e\000t\000\040\000t\000o\000\040\000C\000o\000d\000e\000\040\000M\000i\000n\000i\000m\000u\000m}{subsection.4.5.3}% 110
\BOOKMARK [3][-]{subsubsection.4.5.3.10}{\376\377\000W\000o\000r\000k\000s\000p\000a\000c\000e\000\040\000T\000o\000o\000l\000b\000o\000x}{subsection.4.5.3}% 111
\BOOKMARK [4][-]{paragraph.4.5.3.10.1}{\376\377\000S\000e\000a\000r\000c\000h\000i\000n\000g}{subsubsection.4.5.3.10}% 112
\BOOKMARK [4][-]{paragraph.4.5.3.10.2}{\376\377\000L\000o\000a\000d\000\040\000C\000a\000l\000c\000u\000l\000a\000t\000i\000o\000n\000s}{subsubsection.4.5.3.10}% 113
\BOOKMARK [4][-]{paragraph.4.5.3.10.3}{\376\377\000P\000r\000o\000p\000e\000r\000t\000y\000\040\000T\000a\000g\000s\000/\000Q\000u\000i\000c\000k\000\040\000V\000i\000e\000w\000s}{subsubsection.4.5.3.10}% 114
\BOOKMARK [5][-]{subparagraph.4.5.3.10.3.1}{\376\377\000A\000s\000s\000i\000g\000n\000i\000n\000g\000\040\000R\000o\000o\000m\000\040\000L\000o\000c\000a\000t\000i\000o\000n\000s}{paragraph.4.5.3.10.3}% 115
\BOOKMARK [5][-]{subparagraph.4.5.3.10.3.2}{\376\377\000R\000o\000u\000t\000i\000n\000g\000\040\000T\000h\000r\000o\000u\000g\000h\000\040\000a\000\040\000R\000i\000s\000e\000r\000\040\000S\000h\000a\000f\000t}{paragraph.4.5.3.10.3}% 116
\BOOKMARK [4][-]{paragraph.4.5.3.10.4}{\376\377\000O\000n\000e\000-\000L\000i\000n\000e\000\040\000V\000i\000e\000w\000\040\000S\000e\000l\000e\000c\000t\000o\000r\000s}{subsubsection.4.5.3.10}% 117
\BOOKMARK [5][-]{subparagraph.4.5.3.10.4.1}{\376\377\000L\000o\000a\000d\000\040\000F\000l\000o\000w}{paragraph.4.5.3.10.4}% 118
\BOOKMARK [5][-]{subparagraph.4.5.3.10.4.2}{\376\377\000I\000s\000o\000l\000a\000t\000e\000d\000\040\000S\000y\000s\000t\000e\000m\000s}{paragraph.4.5.3.10.4}% 119
\BOOKMARK [3][-]{subsubsection.4.5.3.11}{\376\377\000C\000r\000e\000a\000t\000i\000n\000g\000\040\000a\000\040\000T\000r\000a\000n\000s\000f\000e\000r\000\040\000S\000w\000i\000t\000c\000h}{subsection.4.5.3}% 120
\BOOKMARK [3][-]{subsubsection.4.5.3.12}{\376\377\000S\000e\000t\000t\000i\000n\000g\000s}{subsection.4.5.3}% 121
\BOOKMARK [4][-]{paragraph.4.5.3.12.1}{\376\377\000S\000c\000e\000n\000a\000r\000i\000o\000\040\000M\000a\000n\000a\000g\000e\000r}{subsubsection.4.5.3.12}% 122
\BOOKMARK [3][-]{subsubsection.4.5.3.13}{\376\377\000B\000u\000s\000\040\000D\000u\000c\000t}{subsection.4.5.3}% 123
\BOOKMARK [2][-]{subsection.4.5.4}{\376\377\000S\000c\000h\000e\000d\000u\000l\000e\000s}{section.4.5}% 124
\BOOKMARK [3][-]{subsubsection.4.5.4.1}{\376\377\000O\000p\000e\000n\000\040\000S\000c\000h\000e\000d\000u\000l\000e}{subsection.4.5.4}% 125
\BOOKMARK [3][-]{subsubsection.4.5.4.2}{\376\377\000A\000d\000d\000i\000n\000g\000,\000\040\000D\000e\000l\000e\000t\000i\000n\000g\000,\000\040\000E\000d\000i\000t\000i\000n\000g\000\040\000E\000q\000u\000i\000p\000m\000e\000n\000t}{subsection.4.5.4}% 126
\BOOKMARK [3][-]{subsubsection.4.5.4.3}{\376\377\000C\000o\000p\000y\000/\000P\000a\000s\000t\000e\000\040\000C\000i\000r\000c\000u\000i\000t\000s}{subsection.4.5.4}% 127
\BOOKMARK [3][-]{subsubsection.4.5.4.4}{\376\377\000S\000e\000l\000e\000c\000t\000\040\000A\000l\000l}{subsection.4.5.4}% 128
\BOOKMARK [3][-]{subsubsection.4.5.4.5}{\376\377\000R\000e\000s\000e\000t\000\040\000t\000o\000\040\000C\000o\000d\000e\000\040\000M\000i\000n\000i\000m\000u\000m}{subsection.4.5.4}% 129
\BOOKMARK [3][-]{subsubsection.4.5.4.6}{\376\377\000M\000o\000v\000i\000n\000g\000,\000\040\000R\000e\000h\000o\000s\000t\000i\000n\000g\000\040\000E\000q\000u\000i\000p\000m\000e\000n\000t\000,\000\040\000o\000r\000\040\000R\000e\000o\000r\000d\000e\000r\000i\000n\000g\000\040\000C\000i\000r\000c\000u\000i\000t\000s}{subsection.4.5.4}% 130
\BOOKMARK [3][-]{subsubsection.4.5.4.7}{\376\377\000L\000o\000c\000k\000/\000U\000n\000l\000o\000c\000k}{subsection.4.5.4}% 131
\BOOKMARK [3][-]{subsubsection.4.5.4.8}{\376\377\000A\000d\000d\000i\000n\000g\000\040\000O\000C\000P\000D\040\031\000s}{subsection.4.5.4}% 132
\BOOKMARK [3][-]{subsubsection.4.5.4.9}{\376\377\000N\000a\000v\000i\000g\000a\000t\000e}{subsection.4.5.4}% 133
\BOOKMARK [3][-]{subsubsection.4.5.4.10}{\376\377\000C\000o\000m\000p\000a\000r\000i\000n\000g\000\040\000S\000c\000h\000e\000d\000u\000l\000e\000s\000\040\000B\000e\000t\000w\000e\000e\000n\000\040\000B\000r\000a\000n\000c\000h\000e\000s}{subsection.4.5.4}% 134
\BOOKMARK [3][-]{subsubsection.4.5.4.11}{\376\377\000M\000L\000O\000\040\000-\000\040\000M\000a\000i\000n\000\040\000L\000u\000g\000\040\000O\000n\000l\000y}{subsection.4.5.4}% 135
\BOOKMARK [3][-]{subsubsection.4.5.4.12}{\376\377\000C\000o\000n\000f\000i\000g\000u\000r\000e\000\040\000a\000s\000\040\000T\000a\000p}{subsection.4.5.4}% 136
\BOOKMARK [3][-]{subsubsection.4.5.4.13}{\376\377\000C\000o\000n\000v\000e\000r\000t\000i\000n\000g\000\040\000B\000r\000e\000a\000k\000e\000r\000/\000S\000w\000i\000t\000c\000h\000\040\000a\000n\000d\000\040\000F\000u\000s\000e}{subsection.4.5.4}% 137
\BOOKMARK [3][-]{subsubsection.4.5.4.14}{\376\377\000M\000u\000l\000t\000i\000-\000P\000o\000l\000e\000\040\000C\000i\000r\000c\000u\000i\000t\000s}{subsection.4.5.4}% 138
\BOOKMARK [3][-]{subsubsection.4.5.4.15}{\376\377\000P\000o\000l\000e\000s}{subsection.4.5.4}% 139
\BOOKMARK [3][-]{subsubsection.4.5.4.16}{\376\377\000S\000c\000h\000e\000d\000u\000l\000e\000\040\000V\000i\000e\000w\000s}{subsection.4.5.4}% 140
\BOOKMARK [3][-]{subsubsection.4.5.4.17}{\376\377\000E\000x\000p\000o\000r\000t\000i\000n\000g}{subsection.4.5.4}% 141
\BOOKMARK [2][-]{subsection.4.5.5}{\376\377\000F\000l\000a\000g\000\040\000T\000r\000a\000c\000k\000e\000r}{section.4.5}% 142
\BOOKMARK [3][-]{subsubsection.4.5.5.1}{\376\377\000U\000s\000i\000n\000g\000\040\000t\000h\000e\000\040\000F\000l\000a\000g\000\040\000T\000r\000a\000c\000k\000e\000r}{subsection.4.5.5}% 143
\BOOKMARK [4][-]{paragraph.4.5.5.1.1}{\376\377\000N\000a\000v\000i\000g\000a\000t\000i\000o\000n}{subsubsection.4.5.5.1}% 144
\BOOKMARK [2][-]{subsection.4.5.6}{\376\377\000S\000t\000u\000d\000i\000e\000s}{section.4.5}% 145
\BOOKMARK [3][-]{subsubsection.4.5.6.1}{\376\377\000Q\000u\000e\000r\000i\000e\000s\000\040\000-\000\040\000V\000o\000l\000t\000a\000g\000e\000\040\000D\000r\000o\000p\000,\000\040\000S\000h\000o\000r\000t\000\040\000C\000i\000r\000c\000u\000i\000t\000,\000\040\000L\000o\000a\000d\000i\000n\000g\000\040\000S\000t\000u\000d\000i\000e\000s}{subsection.4.5.6}% 146
\BOOKMARK [3][-]{subsubsection.4.5.6.2}{\376\377\000S\000e\000a\000r\000c\000h\000i\000n\000g}{subsection.4.5.6}% 147
\BOOKMARK [3][-]{subsubsection.4.5.6.3}{\376\377\000N\000a\000v\000i\000g\000a\000t\000e}{subsection.4.5.6}% 148
\BOOKMARK [3][-]{subsubsection.4.5.6.4}{\376\377\000B\000a\000t\000c\000h\000\040\000C\000h\000a\000n\000g\000e\000s\000\040\000a\000n\000d\000\040\000E\000d\000i\000t\000i\000n\000g}{subsection.4.5.6}% 149
\BOOKMARK [3][-]{subsubsection.4.5.6.5}{\376\377\000P\000r\000i\000n\000t\000i\000n\000g\000\040\000a\000n\000d\000\040\000E\000x\000p\000o\000r\000t\000i\000n\000g}{subsection.4.5.6}% 150
\BOOKMARK [1][-]{section.4.6}{\376\377\000B\000u\000i\000l\000d\000i\000n\000g\000\040\000t\000h\000e\000\040\000M\000e\000c\000h\000a\000n\000i\000c\000a\000l\000\040\000M\000o\000d\000e\000l}{chapter.4}% 151
\BOOKMARK [2][-]{subsection.4.6.1}{\376\377\000B\000u\000i\000l\000d\000i\000n\000g\000\040\000t\000h\000e\000\040\000M\000e\000c\000h\000a\000n\000i\000c\000a\000l\000\040\000M\000o\000d\000e\000l}{section.4.6}% 152
\BOOKMARK [1][-]{section.4.7}{\376\377\000B\000u\000i\000l\000d\000i\000n\000g\000\040\000t\000h\000e\000\040\000P\000l\000u\000m\000b\000i\000n\000g\000\040\000a\000n\000d\000\040\000F\000i\000r\000e\000\040\000P\000r\000o\000t\000e\000c\000t\000i\000o\000n\000\040\000M\000o\000d\000e\000l}{chapter.4}% 153
\BOOKMARK [2][-]{subsection.4.7.1}{\376\377\000B\000u\000i\000l\000d\000i\000n\000g\000\040\000t\000h\000e\000\040\000P\000F\000P\000\040\000M\000o\000d\000e\000l}{section.4.7}% 154
\BOOKMARK [1][-]{section.4.8}{\376\377\000P\000r\000i\000c\000i\000n\000g\000\040\000M\000o\000d\000e\000l}{chapter.4}% 155
\BOOKMARK [2][-]{subsection.4.8.1}{\376\377\000P\000r\000i\000c\000i\000n\000g\000\040\000R\000e\000p\000o\000r\000t}{section.4.8}% 156
\BOOKMARK [2][-]{subsection.4.8.2}{\376\377\000P\000r\000i\000c\000e\000\040\000T\000r\000a\000c\000k\000e\000r}{section.4.8}% 157
\BOOKMARK [2][-]{subsection.4.8.3}{\376\377\000E\000q\000u\000i\000p\000m\000e\000n\000t\000\040\000R\000a\000t\000e\000s}{section.4.8}% 158
\BOOKMARK [1][-]{section.4.9}{\376\377\000P\000r\000o\000j\000e\000c\000t\000\040\000M\000a\000n\000a\000g\000e\000m\000e\000n\000t}{chapter.4}% 159
\BOOKMARK [2][-]{subsection.4.9.1}{\376\377\000B\000r\000a\000n\000c\000h\000i\000n\000g}{section.4.9}% 160
\BOOKMARK [2][-]{subsection.4.9.2}{\376\377\000C\000h\000a\000n\000g\000e\000\040\000T\000r\000a\000c\000k\000i\000n\000g}{section.4.9}% 161
\BOOKMARK [2][-]{subsection.4.9.3}{\376\377\000A\000c\000c\000e\000s\000s\000i\000b\000i\000l\000i\000t\000y}{section.4.9}% 162
\BOOKMARK [1][-]{section.4.10}{\376\377\000E\000x\000p\000l\000o\000r\000e\000r\000s\000\040\000a\000n\000d\000\040\000o\000t\000h\000e\000r\000\040\000U\000t\000i\000l\000i\000t\000y\000\040\000T\000o\000o\000l\000s}{chapter.4}% 163
\BOOKMARK [2][-]{subsection.4.10.1}{\376\377\000P\000r\000o\000p\000e\000r\000t\000i\000e\000s\000\040\000E\000x\000p\000l\000o\000r\000e\000r}{section.4.10}% 164
\BOOKMARK [3][-]{subsubsection.4.10.1.1}{\376\377\000T\000a\000g\000s\000\040\000a\000n\000d\000\040\000L\000o\000a\000d\000\040\000G\000r\000o\000u\000p\000s}{subsection.4.10.1}% 165
\BOOKMARK [2][-]{subsection.4.10.2}{\376\377\000C\000a\000s\000c\000a\000d\000e\000\040\000M\000o\000n\000i\000t\000o\000r}{section.4.10}% 166
\BOOKMARK [2][-]{subsection.4.10.3}{\376\377\000D\000a\000t\000a\000\040\000E\000x\000p\000o\000r\000t\000e\000r}{section.4.10}% 167
\BOOKMARK [2][-]{subsection.4.10.4}{\376\377\000C\000o\000d\000e\000s\000\040\000R\000e\000f\000e\000r\000e\000n\000c\000e}{section.4.10}% 168
\BOOKMARK [2][-]{subsection.4.10.5}{\376\377\000S\000t\000a\000t\000u\000s\000\040\000B\000a\000r}{section.4.10}% 169
\BOOKMARK [3][-]{subsubsection.4.10.5.1}{\376\377\000D\000e\000s\000i\000g\000n\000\040\000A\000s\000s\000i\000s\000t\000a\000n\000c\000e}{subsection.4.10.5}% 170
\BOOKMARK [4][-]{paragraph.4.10.5.1.1}{\376\377\000F\000u\000l\000l\000\040\000D\000e\000s\000i\000g\000n\000\040\000A\000s\000s\000i\000s\000t\000a\000n\000c\000e}{subsubsection.4.10.5.1}% 171
\BOOKMARK [4][-]{paragraph.4.10.5.1.2}{\376\377\000C\000u\000s\000t\000o\000m\000\040\000D\000e\000s\000i\000g\000n\000\040\000A\000s\000s\000i\000s\000t\000a\000n\000c\000e}{subsubsection.4.10.5.1}% 172
\BOOKMARK [4][-]{paragraph.4.10.5.1.3}{\376\377\000N\000o\000\040\000D\000e\000s\000i\000g\000n\000\040\000A\000s\000s\000i\000s\000t\000a\000n\000c\000e}{subsubsection.4.10.5.1}% 173
\BOOKMARK [4][-]{paragraph.4.10.5.1.4}{\376\377\000F\000o\000r\000c\000e\000\040\000C\000a\000l\000c\000u\000l\000a\000t\000i\000o\000n\000\040\000R\000e\000f\000r\000e\000s\000h}{subsubsection.4.10.5.1}% 174
\BOOKMARK [4][-]{paragraph.4.10.5.1.5}{\376\377\000A\000u\000t\000o\000\040\000C\000a\000l\000c\000u\000l\000a\000t\000e}{subsubsection.4.10.5.1}% 175
\BOOKMARK [4][-]{paragraph.4.10.5.1.6}{\376\377\000T\000o\000g\000g\000l\000e\000\040\000F\000l\000a\000g\000s}{subsubsection.4.10.5.1}% 176
\BOOKMARK [4][-]{paragraph.4.10.5.1.7}{\376\377\000V\000e\000r\000s\000i\000o\000n}{subsubsection.4.10.5.1}% 177
\BOOKMARK [1][-]{section.4.11}{\376\377\000R\000e\000c\000o\000v\000e\000r\000y\000\040\000O\000p\000t\000i\000o\000n\000s}{chapter.4}% 178
\BOOKMARK [1][-]{section.4.12}{\376\377\000A\000u\000t\000o\000m\000a\000t\000i\000c\000\040\000U\000p\000d\000a\000t\000e\000s}{chapter.4}% 179
\BOOKMARK [1][-]{section.4.13}{\376\377\000R\000e\000v\000i\000t\000\040\000I\000n\000t\000e\000r\000o\000p\000e\000r\000a\000b\000i\000l\000i\000t\000y}{chapter.4}% 180
\BOOKMARK [1][-]{section.4.14}{\376\377\000A\000u\000t\000o\000C\000A\000D\000\040\000I\000n\000t\000e\000r\000o\000p\000e\000r\000a\000b\000i\000l\000i\000t\000y}{chapter.4}% 181
\BOOKMARK [0][-]{chapter.5}{\376\377\000F\000r\000e\000q\000u\000e\000n\000t\000l\000y\000\040\000A\000s\000k\000e\000d\000\040\000Q\000u\000e\000s\000t\000i\000o\000n\000s}{}% 182
\BOOKMARK [1][-]{section.5.1}{\376\377\000G\000e\000n\000e\000r\000a\000l}{chapter.5}% 183
\BOOKMARK [2][-]{subsection.5.1.1}{\376\377\000I\000s\000\040\000T\000H\000R\000U\000X\000\040\000c\000o\000m\000p\000a\000t\000i\000b\000l\000e\000\040\000w\000i\000t\000h\000\040\000R\000e\000v\000i\000t\000?}{section.5.1}% 184
\BOOKMARK [2][-]{subsection.5.1.2}{\376\377\000H\000o\000w\000\040\000d\000o\000\040\000I\000\040\000e\000x\000p\000o\000r\000t\000\040\000m\000y\000\040\000d\000r\000a\000w\000i\000n\000g\000s\000\040\000t\000o\000\040\000A\000u\000t\000o\000C\000A\000D\000?}{section.5.1}% 185
\BOOKMARK [2][-]{subsection.5.1.3}{\376\377\000H\000o\000w\000\040\000d\000o\000\040\000I\000\040\000i\000n\000v\000i\000t\000e\000\040\000s\000o\000m\000e\000o\000n\000e\000\040\000e\000l\000s\000e\000\040\000t\000o\000\040\000m\000y\000\040\000p\000r\000o\000j\000e\000c\000t\000?}{section.5.1}% 186
\BOOKMARK [2][-]{subsection.5.1.4}{\376\377\000I\040\031\000m\000\040\000w\000o\000r\000k\000i\000n\000g\000\040\000i\000n\000\040\000t\000h\000e\000\040\000O\000n\000e\000-\000L\000i\000n\000e\000.\000\040\000H\000o\000w\000\040\000d\000o\000\040\000I\000\040\000c\000r\000e\000a\000t\000e\000\040\000e\000q\000u\000i\000p\000m\000e\000n\000t\000?}{section.5.1}% 187
\BOOKMARK [2][-]{subsection.5.1.5}{\376\377\000I\040\031\000m\000\040\000n\000o\000t\000\040\000s\000e\000e\000i\000n\000g\000\040\000e\000v\000e\000r\000y\000t\000h\000i\000n\000g\000\040\000o\000n\000\040\000m\000y\000\040\000R\000i\000s\000e\000r\000.\000\040\000I\000\040\000c\000r\000e\000a\000t\000e\000d\000\040\000e\000q\000u\000i\000p\000m\000e\000n\000t\000\040\000i\000n\000\040\000t\000h\000e\000\040\000O\000n\000e\000-\000L\000i\000n\000e\000.\000\040\000H\000o\000w\000\040\000c\000o\000m\000e\000\040\000i\000t\000\040\000d\000o\000e\000s\000n\040\031\000t\000\040\000s\000h\000o\000w\000\040\000u\000p\000?}{section.5.1}% 188
\BOOKMARK [2][-]{subsection.5.1.6}{\376\377\000I\040\031\000v\000e\000\040\000c\000r\000e\000a\000t\000e\000d\000\040\000a\000\040\000R\000i\000s\000e\000r\000,\000\040\000b\000u\000t\000\040\000I\040\031\000m\000\040\000s\000t\000a\000r\000t\000i\000n\000g\000\040\000t\000o\000\040\000r\000u\000n\000\040\000o\000u\000t\000\040\000o\000f\000\040\000s\000p\000a\000c\000e\000.\000\040\000I\000s\000\040\000t\000h\000e\000r\000e\000\040\000a\000n\000y\000\040\000w\000a\000y\000\040\000t\000o\000\040\000s\000h\000i\000f\000t\000\040\000e\000v\000e\000r\000y\000t\000h\000i\000n\000g\000\040\000u\000p\000w\000a\000r\000d\000s\000?\000\040\000I\000f\000\040\000I\000\040\000m\000o\000v\000e\000\040\000t\000h\000e\000\040\000f\000l\000o\000o\000r\000\040\000w\000i\000l\000l\000\040\000i\000t\000\040\000u\000p\000d\000a\000t\000e\000\040\000t\000h\000e\000\040\000e\000l\000e\000v\000a\000t\000i\000o\000n\000s\000?\000\040\000W\000i\000l\000l\000\040\000i\000t\000\040\000a\000f\000f\000e\000c\000t\000\040\000m\000y\000\040\000l\000e\000n\000g\000t\000h\000s\000\040\000a\000n\000d\000\040\000v\000o\000l\000t\000a\000g\000e\000\040\000d\000r\000o\000p\000\040\000c\000a\000l\000c\000u\000l\000a\000t\000i\000o\000n\000s\000?}{section.5.1}% 189
\BOOKMARK [2][-]{subsection.5.1.7}{\376\377\000I\000s\000\040\000t\000h\000e\000r\000e\000\040\000a\000\040\000w\000a\000y\000\040\000t\000o\000\040\000c\000r\000e\000a\000t\000e\000\040\000g\000r\000o\000u\000p\000s\000\040\000o\000f\000\040\000e\000q\000u\000i\000p\000m\000e\000n\000t\000?}{section.5.1}% 190
\BOOKMARK [2][-]{subsection.5.1.8}{\376\377\000I\000s\000\040\000t\000h\000e\000r\000e\000\040\000a\000\040\000w\000a\000y\000\040\000t\000o\000\040\000c\000r\000e\000a\000t\000e\000\040\000a\000\040\000s\000i\000n\000g\000l\000e\000\040\000f\000e\000e\000d\000\040\000f\000o\000r\000\040\000m\000u\000l\000t\000i\000p\000l\000e\000\040\000m\000o\000t\000o\000r\000s\000\040\000o\000r\000\040\000e\000l\000e\000v\000a\000t\000o\000r\000s\000?}{section.5.1}% 191
\BOOKMARK [2][-]{subsection.5.1.9}{\376\377\000I\040\031\000v\000e\000\040\000c\000r\000e\000a\000t\000e\000d\000\040\000a\000\040\000n\000e\000t\000w\000o\000r\000k\000,\000\040\000b\000u\000t\000\040\000I\000\040\000f\000o\000r\000g\000o\000t\000\040\000t\000o\000\040\000a\000d\000d\000\040\000a\000\040\000d\000i\000s\000t\000r\000i\000b\000u\000t\000i\000o\000n\000\040\000b\000o\000a\000r\000d\000,\000\040\000o\000r\000\040\000t\000r\000a\000n\000s\000f\000e\000r\000\040\000s\000w\000i\000t\000c\000h\000,\000\040\000o\000r\000\040\000s\000o\000m\000e\000\040\000t\000y\000p\000e\000\040\000o\000f\000\040\000i\000n\000t\000e\000r\000m\000e\000d\000i\000a\000t\000e\000\040\000n\000o\000d\000e\000.\000\040\000H\000o\000w\000\040\000c\000a\000n\000\040\000I\000\040\000a\000d\000d\000\040\000t\000h\000i\000s\000\040\000w\000i\000t\000h\000o\000u\000t\000\040\000d\000e\000l\000e\000t\000i\000n\000g\000\040\000w\000h\000a\000t\000\040\000I\000\040\000h\000a\000v\000e\000?}{section.5.1}% 192
\BOOKMARK [2][-]{subsection.5.1.10}{\376\377\000H\000o\000w\000\040\000d\000o\000\040\000I\000\040\000c\000r\000e\000a\000t\000e\000\040\000a\000\040\000b\000u\000s\000\040\000d\000u\000c\000t\000?}{section.5.1}% 193
\BOOKMARK [2][-]{subsection.5.1.11}{\376\377\000H\000o\000w\000\040\000d\000o\000\040\000I\000\040\000c\000o\000n\000n\000e\000c\000t\000\040\000a\000\040\000t\000r\000a\000n\000s\000f\000e\000r\000\040\000s\000w\000i\000t\000c\000h\000?}{section.5.1}% 194
\BOOKMARK [2][-]{subsection.5.1.12}{\376\377\000I\040\031\000v\000e\000\040\000c\000r\000e\000a\000t\000e\000d\000\040\000m\000y\000\040\000d\000i\000s\000t\000r\000i\000b\000u\000t\000i\000o\000n\000\040\000n\000e\000t\000w\000o\000r\000k\000,\000\040\000b\000u\000t\000\040\000I\000\040\000h\000a\000v\000e\000n\040\031\000t\000\040\000a\000s\000s\000i\000g\000n\000e\000d\000\040\000a\000n\000y\000\040\000R\000o\000o\000m\000s\000\040\000y\000e\000t\000.\000\040\000I\000s\000\040\000t\000h\000e\000r\000e\000\040\000a\000\040\000w\000a\000y\000\040\000t\000o\000\040\000m\000o\000v\000e\000\040\000m\000y\000\040\000E\000q\000u\000i\000p\000m\000e\000n\000t\000\040\000i\000n\000t\000o\000\040\000R\000o\000o\000m\000s\000?}{section.5.1}% 195
\BOOKMARK [2][-]{subsection.5.1.13}{\376\377\000I\000\040\000h\000a\000v\000e\000\040\000a\000n\000\040\000e\000x\000i\000s\000t\000i\000n\000g\000\040\000b\000u\000i\000l\000d\000i\000n\000g\000\040\000w\000h\000i\000c\000h\000\040\000I\000\040\000w\000o\000u\000l\000d\000\040\000l\000i\000k\000e\000\040\000t\000o\000\040\000m\000o\000d\000e\000l\000.\000\040\000I\000s\000\040\000i\000t\000\040\000a\000p\000p\000r\000o\000p\000r\000i\000a\000t\000e\000\040\000t\000o\000\040\000u\000s\000e\000\040\000T\000H\000R\000U\000X\000?\000\040\000H\000o\000w\000\040\000w\000o\000u\000l\000d\000\040\000I\000\040\000s\000t\000a\000r\000t\000?\000\040\000W\000h\000a\000t\040\031\000s\000\040\000t\000h\000e\000\040\000f\000a\000s\000t\000e\000s\000t\000\040\000w\000a\000y\000\040\000t\000o\000\040\000d\000o\000\040\000t\000h\000a\000t\000?}{section.5.1}% 196
\BOOKMARK [2][-]{subsection.5.1.14}{\376\377\000I\040\031\000v\000e\000\040\000t\000u\000r\000n\000e\000d\000\040\000D\000e\000s\000i\000g\000n\000\040\000A\000s\000s\000i\000s\000t\000a\000n\000c\000e\000\040\000o\000f\000f\000\040\000a\000n\000d\000\040\000m\000a\000n\000u\000a\000l\000l\000y\000\040\000c\000h\000a\000n\000g\000e\000d\000\040\000f\000e\000e\000d\000e\000r\000\040\000s\000i\000z\000e\000s\000.\000\040\000I\000s\000\040\000t\000h\000e\000r\000e\000\040\000a\000\040\000w\000a\000y\000\040\000t\000o\000\040\000r\000e\000c\000a\000l\000c\000u\000l\000a\000t\000e\000\040\000a\000\040\000c\000i\000r\000c\000u\000i\000t\040\031\000s\000\040\000c\000o\000d\000e\000-\000m\000i\000n\000i\000m\000u\000m\000\040\000r\000e\000q\000u\000i\000r\000e\000m\000e\000n\000t\000s\000?}{section.5.1}% 197
\BOOKMARK [2][-]{subsection.5.1.15}{\376\377\000H\000o\000w\000\040\000d\000o\000\040\000I\000\040\000s\000e\000e\000\040\000w\000h\000a\000t\040\031\000s\000\040\000i\000n\000c\000l\000u\000d\000e\000d\000\040\000i\000n\000\040\000e\000a\000c\000h\000\040\000u\000p\000d\000a\000t\000e\000?}{section.5.1}% 198
\BOOKMARK [1][-]{section.5.2}{\376\377\000A\000r\000c\000h\000i\000t\000e\000c\000t\000u\000r\000a\000l}{chapter.5}% 199
\BOOKMARK [2][-]{subsection.5.2.1}{\376\377\000D\000o\000\040\000I\000\040\000n\000e\000e\000d\000\040\000t\000o\000\040\000c\000r\000e\000a\000t\000e\000\040\000t\000h\000e\000\040\000A\000r\000c\000h\000i\000t\000e\000c\000t\000u\000r\000a\000l\000\040\000E\000l\000e\000m\000e\000n\000t\000s\000\040\000o\000r\000\040\000d\000o\000\040\000I\000\040\000n\000e\000e\000d\000\040\000t\000o\000\040\000u\000s\000e\000\040\000t\000h\000e\000\040\000F\000l\000o\000o\000r\000\040\000P\000l\000a\000n\000s\000\040\000W\000o\000r\000k\000s\000p\000a\000c\000e\000?}{section.5.2}% 200
\BOOKMARK [2][-]{subsection.5.2.2}{\376\377\000I\040\031\000m\000\040\000w\000o\000r\000k\000i\000n\000g\000\040\000i\000n\000\040\000t\000h\000e\000\040\000F\000l\000o\000o\000r\000\040\000P\000l\000a\000n\000s\000.\000\040\000H\000o\000w\000\040\000d\000o\000\040\000I\000\040\000c\000r\000e\000a\000t\000e\000\040\000m\000y\000\040\000c\000o\000l\000u\000m\000n\000s\000\040\000a\000n\000d\000\040\000f\000l\000o\000o\000r\000s\000?}{section.5.2}% 201
\BOOKMARK [2][-]{subsection.5.2.3}{\376\377\000I\000s\000\040\000t\000h\000e\000r\000e\000\040\000a\000\040\000w\000a\000y\000\040\000t\000o\000\040\000m\000o\000v\000e\000\040\000m\000y\000\040\000e\000q\000u\000i\000p\000m\000e\000n\000t\000\040\000i\000n\000\040\000o\000n\000e\000\040\000R\000o\000o\000m\000\040\000t\000o\000\040\000a\000n\000o\000t\000h\000e\000r\000\040\000l\000o\000c\000a\000t\000i\000o\000n\000?}{section.5.2}% 202
\BOOKMARK [2][-]{subsection.5.2.4}{\376\377\000I\040\031\000m\000\040\000t\000r\000y\000i\000n\000g\000\040\000t\000o\000\040\000e\000n\000t\000e\000r\000\040\000d\000e\000c\000i\000m\000a\000l\000\040\000v\000a\000l\000u\000e\000s\000\040\000i\000n\000t\000o\000\040\000m\000y\000\040\000f\000l\000o\000o\000r\000\040\000h\000e\000i\000g\000h\000t\000s\000.\000\040\000W\000h\000y\000\040\000a\000m\000\040\000I\000\040\000g\000e\000t\000t\000i\000n\000g\000\040\000a\000n\000\040\000e\000r\000r\000o\000r\000?}{section.5.2}% 203
\BOOKMARK [1][-]{section.5.3}{\376\377\000E\000l\000e\000c\000t\000r\000i\000c\000a\000l\000\040\000C\000a\000l\000c\000u\000l\000a\000t\000i\000o\000n\000s}{chapter.5}% 204
\BOOKMARK [2][-]{subsection.5.3.1}{\376\377\000W\000h\000a\000t\000\040\000i\000s\000\040\000L\000o\000a\000d\000\040\000C\000a\000p\000a\000c\000i\000t\000y\000?}{section.5.3}% 205
\BOOKMARK [2][-]{subsection.5.3.2}{\376\377\000I\000s\000\040\000t\000h\000e\000r\000e\000\040\000a\000\040\000w\000a\000y\000\040\000t\000o\000\040\000m\000a\000n\000u\000a\000l\000l\000y\000\040\000o\000v\000e\000r\000r\000i\000d\000e\000\040\000a\000\040\000l\000o\000a\000d\000?}{section.5.3}% 206
\BOOKMARK [2][-]{subsection.5.3.3}{\376\377\000W\000h\000a\000t\000\040\000i\000s\000\040\000\045\000\040\000D\000e\000s\000i\000g\000n\000\040\000S\000p\000a\000r\000e\000\040\000C\000a\000p\000a\000c\000i\000t\000y\000?}{section.5.3}% 207
\BOOKMARK [2][-]{subsection.5.3.4}{\376\377\000W\000h\000a\000t\000\040\000i\000s\000\040\000N\000e\000t\000\040\000L\000o\000a\000d\000?}{section.5.3}% 208
\BOOKMARK [2][-]{subsection.5.3.5}{\376\377\000H\000o\000w\000\040\000d\000o\000\040\000I\000\040\000e\000n\000t\000e\000r\000\040\000t\000h\000e\000\040\000a\000v\000a\000i\000l\000a\000b\000l\000e\000\040\000S\000C\000C\000\040\000f\000r\000o\000m\000\040\000t\000h\000e\000\040\000U\000t\000i\000l\000i\000t\000y\000?}{section.5.3}% 209
\BOOKMARK [2][-]{subsection.5.3.6}{\376\377\000H\000o\000w\000\040\000i\000s\000\040\000t\000h\000e\000\040\000L\000e\000n\000g\000t\000h\000\040\000o\000f\000\040\000a\000\040\000B\000u\000s\000\040\000D\000u\000c\000t\000\040\000D\000e\000t\000e\000r\000m\000i\000n\000e\000d\000?}{section.5.3}% 210
\BOOKMARK [2][-]{subsection.5.3.7}{\376\377\000H\000o\000w\000\040\000d\000o\000\040\000b\000u\000s\000\040\000d\000u\000c\000t\000\040\000v\000o\000l\000t\000a\000g\000e\000\040\000d\000r\000o\000p\000\040\000c\000a\000l\000c\000u\000l\000a\000t\000i\000o\000n\000s\000\040\000w\000o\000r\000k\000?}{section.5.3}% 211
\BOOKMARK [2][-]{subsection.5.3.8}{\376\377\000I\000\040\000k\000n\000o\000w\000\040\000t\000h\000e\000\040\000a\000r\000e\000a\000\040\000o\000r\000\040\000s\000q\000u\000a\000r\000e\000\040\000f\000o\000o\000t\000a\000g\000e\000\040\000o\000f\000\040\000a\000\040\000s\000p\000a\000c\000e\000.\000\040\000H\000o\000w\000\040\000d\000o\000\040\000I\000\040\000m\000o\000d\000e\000l\000\040\000t\000h\000a\000t\000\040\000a\000s\000\040\000a\000\040\000l\000o\000a\000d\000?}{section.5.3}% 212
\BOOKMARK [2][-]{subsection.5.3.9}{\376\377\000H\000o\000w\000\040\000d\000o\000\040\000r\000e\000s\000i\000d\000e\000n\000t\000i\000a\000l\000\040\000l\000o\000a\000d\000\040\000c\000a\000l\000c\000u\000l\000a\000t\000i\000o\000n\000s\000\040\000w\000o\000r\000k\000?}{section.5.3}% 213
\BOOKMARK [2][-]{subsection.5.3.10}{\376\377\000H\000o\000w\000\040\000d\000o\000\040\000I\000\040\000m\000o\000d\000e\000l\000\040\000a\000\040\000t\000a\000p\000?}{section.5.3}% 214
\BOOKMARK [3][-]{subsubsection.5.3.10.1}{\376\377\000B\000u\000s\000\040\000N\000o\000d\000e}{subsection.5.3.10}% 215
\BOOKMARK [3][-]{subsubsection.5.3.10.2}{\376\377\000T\000a\000p\000\040\000N\000o\000d\000e}{subsection.5.3.10}% 216
\BOOKMARK [2][-]{subsection.5.3.11}{\376\377\000H\000o\000w\000\040\000d\000o\000\040\000I\000\040\000D\000i\000v\000e\000r\000s\000i\000f\000y\000\040\000L\000o\000a\000d\000s\000?}{section.5.3}% 217
\BOOKMARK [2][-]{subsection.5.3.12}{\376\377\000I\000s\000\040\000t\000h\000e\000r\000e\000\040\000a\000\040\000w\000a\000y\000\040\000t\000o\000\040\000i\000m\000p\000l\000e\000m\000e\000n\000t\000\040\000a\000\040\000c\000o\000n\000d\000i\000t\000i\000o\000n\000a\000l\000\040\000c\000o\000n\000s\000t\000r\000a\000i\000n\000t\000\040\000f\000o\000r\000\040\000s\000i\000z\000i\000n\000g\000\040\000E\000q\000u\000i\000p\000m\000e\000n\000t\000\040\000o\000f\000\040\000l\000o\000a\000d\000s\000\040\000g\000r\000e\000a\000t\000e\000r\000\040\000t\000h\000a\000n\000\040\000a\000\040\000s\000p\000e\000c\000i\000f\000i\000c\000\040\000a\000m\000p\000e\000r\000a\000g\000e\000\040\000t\000o\000\040\000r\000e\000q\000u\000i\000r\000e\000\040\000c\000o\000p\000p\000e\000r\000\040\000o\000v\000e\000r\000\040\000a\000l\000u\000m\000i\000n\000u\000m\000?}{section.5.3}% 218
\BOOKMARK [0][-]{chapter.6}{\376\377\000D\000e\000f\000i\000n\000i\000t\000i\000o\000n\000s}{}% 219
\BOOKMARK [1][-]{section.6.1}{\376\377\000D\000e\000f\000i\000n\000i\000t\000i\000o\000n\000s}{chapter.6}% 220
\BOOKMARK [2][-]{subsection.6.1.1}{\376\377\000D\000e\000f\000a\000u\000l\000t\000\040\000M\000o\000d\000e\000l\000\040\000P\000a\000r\000a\000m\000e\000t\000e\000r\000s}{section.6.1}% 221
\BOOKMARK [3][-]{subsubsection.6.1.1.1}{\376\377\000C\000i\000r\000c\000u\000i\000t}{subsection.6.1.1}% 222
\BOOKMARK [3][-]{subsubsection.6.1.1.2}{\376\377\000M\000V\000\040\000C\000i\000r\000c\000u\000i\000t}{subsection.6.1.1}% 223
\BOOKMARK [3][-]{subsubsection.6.1.1.3}{\376\377\000M\000e\000c\000h\000a\000n\000i\000c\000a\000l}{subsection.6.1.1}% 224
\BOOKMARK [3][-]{subsubsection.6.1.1.4}{\376\377\000D\000i\000s\000t\000r\000i\000b\000u\000t\000i\000o\000n\000\040\000B\000o\000a\000r\000d}{subsection.6.1.1}% 225
\BOOKMARK [3][-]{subsubsection.6.1.1.5}{\376\377\000B\000u\000s\000\040\000D\000u\000c\000t}{subsection.6.1.1}% 226
\BOOKMARK [3][-]{subsubsection.6.1.1.6}{\376\377\000X\000F\000M\000R}{subsection.6.1.1}% 227
\BOOKMARK [3][-]{subsubsection.6.1.1.7}{\376\377\000P\000a\000n\000e\000l\000b\000o\000a\000r\000d}{subsection.6.1.1}% 228
\BOOKMARK [3][-]{subsubsection.6.1.1.8}{\376\377\000A\000T\000S}{subsection.6.1.1}% 229
\BOOKMARK [3][-]{subsubsection.6.1.1.9}{\376\377\000U\000t\000i\000l\000i\000t\000y}{subsection.6.1.1}% 230
\BOOKMARK [3][-]{subsubsection.6.1.1.10}{\376\377\000G\000e\000n\000e\000r\000a\000t\000o\000r}{subsection.6.1.1}% 231
\BOOKMARK [2][-]{subsection.6.1.2}{\376\377\000C\000a\000l\000c\000u\000l\000a\000t\000i\000o\000n\000\040\000S\000e\000t\000t\000i\000n\000g\000s}{section.6.1}% 232
\BOOKMARK [2][-]{subsection.6.1.3}{\376\377\000F\000l\000a\000g\000\040\000S\000e\000t\000t\000i\000n\000g\000s\000\040\000D\000e\000f\000i\000n\000i\000t\000i\000o\000n\000s}{section.6.1}% 233
\BOOKMARK [2][-]{subsection.6.1.4}{\376\377\000C\000u\000s\000t\000o\000m\000\040\000D\000e\000s\000i\000g\000n\000\040\000A\000s\000s\000i\000s\000t\000a\000n\000c\000e\000\040\000S\000e\000t\000t\000i\000n\000g\000s}{section.6.1}% 234
\BOOKMARK [2][-]{subsection.6.1.5}{\376\377\000A\000r\000c\000h\000i\000t\000e\000c\000t\000u\000r\000a\000l\000\040\000E\000l\000e\000m\000e\000n\000t\000s}{section.6.1}% 235
\BOOKMARK [3][-]{subsubsection.6.1.5.1}{\376\377\000X\000\040\000C\000o\000m\000p\000/\000Y\000\040\000C\000o\000m\000p}{subsection.6.1.5}% 236
\BOOKMARK [3][-]{subsubsection.6.1.5.2}{\376\377\000F\000l\000o\000o\000r}{subsection.6.1.5}% 237
\BOOKMARK [3][-]{subsubsection.6.1.5.3}{\376\377\000S\000p\000a\000c\000e\000\040\000T\000y\000p\000e}{subsection.6.1.5}% 238
\BOOKMARK [3][-]{subsubsection.6.1.5.4}{\376\377\000R\000o\000o\000m}{subsection.6.1.5}% 239
\BOOKMARK [3][-]{subsubsection.6.1.5.5}{\376\377\000R\000i\000s\000e\000r}{subsection.6.1.5}% 240
\BOOKMARK [3][-]{subsubsection.6.1.5.6}{\376\377\000A\000r\000c\000h\000i\000t\000e\000c\000t\000u\000r\000a\000l\000\040\000P\000a\000c\000k\000a\000g\000e}{subsection.6.1.5}% 241
\BOOKMARK [3][-]{subsubsection.6.1.5.7}{\376\377\000A\000p\000p\000l\000i\000a\000n\000c\000e}{subsection.6.1.5}% 242
\BOOKMARK [3][-]{subsubsection.6.1.5.8}{\376\377\000U\000n\000i\000t\000\040\000T\000y\000p\000e}{subsection.6.1.5}% 243
\BOOKMARK [3][-]{subsubsection.6.1.5.9}{\376\377\000A\000p\000a\000r\000t\000m\000e\000n\000t}{subsection.6.1.5}% 244
\BOOKMARK [3][-]{subsubsection.6.1.5.10}{\376\377\000A\000p\000a\000r\000t\000m\000e\000n\000t\000\040\000P\000a\000c\000k\000a\000g\000e}{subsection.6.1.5}% 245
\BOOKMARK [3][-]{subsubsection.6.1.5.11}{\376\377\000L\000o\000a\000d\000\040\000A\000l\000l\000o\000c\000a\000t\000i\000o\000n}{subsection.6.1.5}% 246
\BOOKMARK [3][-]{subsubsection.6.1.5.12}{\376\377\000D\000i\000v\000e\000r\000s\000i\000f\000i\000c\000a\000t\000i\000o\000n}{subsection.6.1.5}% 247
\BOOKMARK [2][-]{subsection.6.1.6}{\376\377\000E\000q\000u\000i\000p\000m\000e\000n\000t\000\040\000D\000e\000f\000i\000n\000i\000t\000i\000o\000n\000s}{section.6.1}% 248
\BOOKMARK [3][-]{subsubsection.6.1.6.1}{\376\377\000G\000e\000n\000e\000r\000a\000l\000\040\000P\000r\000o\000p\000e\000r\000t\000i\000e\000s}{subsection.6.1.6}% 249
\BOOKMARK [3][-]{subsubsection.6.1.6.2}{\376\377\000L\000o\000a\000d\000\040\000P\000r\000o\000p\000e\000r\000t\000i\000e\000s}{subsection.6.1.6}% 250
\BOOKMARK [3][-]{subsubsection.6.1.6.3}{\376\377\000B\000u\000s\000\040\000S\000t\000r\000u\000c\000t\000u\000r\000e\000\040\000P\000r\000o\000p\000e\000r\000t\000i\000e\000s}{subsection.6.1.6}% 251
\BOOKMARK [3][-]{subsubsection.6.1.6.4}{\376\377\000C\000o\000n\000s\000t\000r\000u\000c\000t\000i\000o\000n\000\040\000P\000r\000o\000p\000e\000r\000t\000i\000e\000s}{subsection.6.1.6}% 252
\BOOKMARK [3][-]{subsubsection.6.1.6.5}{\376\377\000A\000c\000c\000e\000s\000s\000o\000r\000i\000e\000s\000\040\000P\000r\000o\000p\000e\000r\000t\000i\000e\000s}{subsection.6.1.6}% 253
\BOOKMARK [3][-]{subsubsection.6.1.6.6}{\376\377\000L\000o\000a\000d\000\040\000R\000e\000a\000d\000i\000n\000g\000s\000\040\000P\000r\000o\000p\000e\000r\000t\000i\000e\000s}{subsection.6.1.6}% 254
\BOOKMARK [3][-]{subsubsection.6.1.6.7}{\376\377\000C\000a\000b\000l\000e\000\040\000P\000r\000o\000p\000e\000r\000t\000i\000e\000s}{subsection.6.1.6}% 255
\BOOKMARK [3][-]{subsubsection.6.1.6.8}{\376\377\000C\000o\000n\000d\000u\000i\000t\000\040\000P\000r\000o\000p\000e\000r\000t\000i\000e\000s}{subsection.6.1.6}% 256
\BOOKMARK [3][-]{subsubsection.6.1.6.9}{\376\377\000N\000e\000t\000w\000o\000r\000k\000\040\000R\000e\000a\000d\000i\000n\000g\000\040\000P\000r\000o\000p\000e\000r\000t\000i\000e\000s}{subsection.6.1.6}% 257
\BOOKMARK [3][-]{subsubsection.6.1.6.10}{\376\377\000M\000e\000c\000h\000a\000n\000i\000c\000a\000l}{subsection.6.1.6}% 258
\BOOKMARK [3][-]{subsubsection.6.1.6.11}{\376\377\000D\000i\000s\000t\000r\000i\000b\000u\000t\000i\000o\000n\000\040\000B\000o\000a\000r\000d}{subsection.6.1.6}% 259
\BOOKMARK [3][-]{subsubsection.6.1.6.12}{\376\377\000X\000F\000M\000R}{subsection.6.1.6}% 260
\BOOKMARK [3][-]{subsubsection.6.1.6.13}{\376\377\000A\000r\000c\000h\000i\000t\000e\000c\000t\000u\000r\000a\000l\000\040\000L\000o\000a\000d}{subsection.6.1.6}% 261
\BOOKMARK [3][-]{subsubsection.6.1.6.14}{\376\377\000F\000i\000r\000e\000\040\000P\000u\000m\000p}{subsection.6.1.6}% 262
\BOOKMARK [3][-]{subsubsection.6.1.6.15}{\376\377\000P\000a\000n\000e\000l\000b\000o\000a\000r\000d}{subsection.6.1.6}% 263
\BOOKMARK [3][-]{subsubsection.6.1.6.16}{\376\377\000A\000T\000S\000/\000S\000T\000S}{subsection.6.1.6}% 264
\BOOKMARK [3][-]{subsubsection.6.1.6.17}{\376\377\000B\000u\000s\000\040\000D\000u\000c\000t}{subsection.6.1.6}% 265
\BOOKMARK [3][-]{subsubsection.6.1.6.18}{\376\377\000S\000w\000i\000t\000c\000h\000\040\000B\000o\000a\000r\000d}{subsection.6.1.6}% 266
\BOOKMARK [3][-]{subsubsection.6.1.6.19}{\376\377\000G\000e\000n\000e\000r\000i\000c\000\040\000L\000o\000a\000d}{subsection.6.1.6}% 267
\BOOKMARK [3][-]{subsubsection.6.1.6.20}{\376\377\000B\000u\000s\000\040\000N\000o\000d\000e}{subsection.6.1.6}% 268
\BOOKMARK [3][-]{subsubsection.6.1.6.21}{\376\377\000E\000l\000e\000v\000a\000t\000o\000r}{subsection.6.1.6}% 269
\BOOKMARK [3][-]{subsubsection.6.1.6.22}{\376\377\000T\000a\000p\000\040\000N\000o\000d\000e}{subsection.6.1.6}% 270
\BOOKMARK [0][-]{section*.11}{\376\377\000I\000n\000d\000e\000x}{}% 271
